  CCore.cpp
C:\Users\KGA_002\Winapi2D_DefanceGame\DefanceGame\DefanceGame\CCore.h(1,1): warning C4828: 파일에 0x44 오프셋에서 시작하는 문자가 포함되어 있습니다. 이 문자는 현재 원본 문자 집합에서 잘못된 문자입니다(코드 페이지 65001).
C:\Users\KGA_002\Winapi2D_DefanceGame\DefanceGame\DefanceGame\CCore.h(1,1): warning C4828: 파일에 0x45 오프셋에서 시작하는 문자가 포함되어 있습니다. 이 문자는 현재 원본 문자 집합에서 잘못된 문자입니다(코드 페이지 65001).
C:\Users\KGA_002\Winapi2D_DefanceGame\DefanceGame\DefanceGame\CCore.h(1,1): warning C4828: 파일에 0x46 오프셋에서 시작하는 문자가 포함되어 있습니다. 이 문자는 현재 원본 문자 집합에서 잘못된 문자입니다(코드 페이지 65001).
C:\Users\KGA_002\Winapi2D_DefanceGame\DefanceGame\DefanceGame\CCore.h(1,1): warning C4828: 파일에 0x47 오프셋에서 시작하는 문자가 포함되어 있습니다. 이 문자는 현재 원본 문자 집합에서 잘못된 문자입니다(코드 페이지 65001).
C:\Users\KGA_002\Winapi2D_DefanceGame\DefanceGame\DefanceGame\CCore.h(1,1): warning C4828: 파일에 0x48 오프셋에서 시작하는 문자가 포함되어 있습니다. 이 문자는 현재 원본 문자 집합에서 잘못된 문자입니다(코드 페이지 65001).
C:\Users\KGA_002\Winapi2D_DefanceGame\DefanceGame\DefanceGame\CCore.h(1,1): warning C4828: 파일에 0x49 오프셋에서 시작하는 문자가 포함되어 있습니다. 이 문자는 현재 원본 문자 집합에서 잘못된 문자입니다(코드 페이지 65001).
C:\Users\KGA_002\Winapi2D_DefanceGame\DefanceGame\DefanceGame\CCore.h(1,1): warning C4828: 파일에 0x61 오프셋에서 시작하는 문자가 포함되어 있습니다. 이 문자는 현재 원본 문자 집합에서 잘못된 문자입니다(코드 페이지 65001).
C:\Users\KGA_002\Winapi2D_DefanceGame\DefanceGame\DefanceGame\CCore.h(1,1): warning C4828: 파일에 0x64 오프셋에서 시작하는 문자가 포함되어 있습니다. 이 문자는 현재 원본 문자 집합에서 잘못된 문자입니다(코드 페이지 65001).
C:\Users\KGA_002\Winapi2D_DefanceGame\DefanceGame\DefanceGame\CCore.h(1,1): warning C4828: 파일에 0x80 오프셋에서 시작하는 문자가 포함되어 있습니다. 이 문자는 현재 원본 문자 집합에서 잘못된 문자입니다(코드 페이지 65001).
C:\Users\KGA_002\Winapi2D_DefanceGame\DefanceGame\DefanceGame\CCore.h(1,1): warning C4828: 파일에 0x83 오프셋에서 시작하는 문자가 포함되어 있습니다. 이 문자는 현재 원본 문자 집합에서 잘못된 문자입니다(코드 페이지 65001).
C:\Users\KGA_002\Winapi2D_DefanceGame\DefanceGame\DefanceGame\CCore.h(1,1): warning C4828: 파일에 0x87 오프셋에서 시작하는 문자가 포함되어 있습니다. 이 문자는 현재 원본 문자 집합에서 잘못된 문자입니다(코드 페이지 65001).
C:\Users\KGA_002\Winapi2D_DefanceGame\DefanceGame\DefanceGame\CCore.h(1,1): warning C4828: 파일에 0x88 오프셋에서 시작하는 문자가 포함되어 있습니다. 이 문자는 현재 원본 문자 집합에서 잘못된 문자입니다(코드 페이지 65001).
C:\Users\KGA_002\Winapi2D_DefanceGame\DefanceGame\DefanceGame\CCore.h(1,1): warning C4828: 파일에 0x8c 오프셋에서 시작하는 문자가 포함되어 있습니다. 이 문자는 현재 원본 문자 집합에서 잘못된 문자입니다(코드 페이지 65001).
  CGameObject.cpp
C:\Users\KGA_002\Winapi2D_DefanceGame\DefanceGame\DefanceGame\CCore.h(1,1): warning C4828: 파일에 0x44 오프셋에서 시작하는 문자가 포함되어 있습니다. 이 문자는 현재 원본 문자 집합에서 잘못된 문자입니다(코드 페이지 65001).
C:\Users\KGA_002\Winapi2D_DefanceGame\DefanceGame\DefanceGame\CCore.h(1,1): warning C4828: 파일에 0x45 오프셋에서 시작하는 문자가 포함되어 있습니다. 이 문자는 현재 원본 문자 집합에서 잘못된 문자입니다(코드 페이지 65001).
C:\Users\KGA_002\Winapi2D_DefanceGame\DefanceGame\DefanceGame\CCore.h(1,1): warning C4828: 파일에 0x46 오프셋에서 시작하는 문자가 포함되어 있습니다. 이 문자는 현재 원본 문자 집합에서 잘못된 문자입니다(코드 페이지 65001).
C:\Users\KGA_002\Winapi2D_DefanceGame\DefanceGame\DefanceGame\CCore.h(1,1): warning C4828: 파일에 0x47 오프셋에서 시작하는 문자가 포함되어 있습니다. 이 문자는 현재 원본 문자 집합에서 잘못된 문자입니다(코드 페이지 65001).
C:\Users\KGA_002\Winapi2D_DefanceGame\DefanceGame\DefanceGame\CCore.h(1,1): warning C4828: 파일에 0x48 오프셋에서 시작하는 문자가 포함되어 있습니다. 이 문자는 현재 원본 문자 집합에서 잘못된 문자입니다(코드 페이지 65001).
C:\Users\KGA_002\Winapi2D_DefanceGame\DefanceGame\DefanceGame\CCore.h(1,1): warning C4828: 파일에 0x49 오프셋에서 시작하는 문자가 포함되어 있습니다. 이 문자는 현재 원본 문자 집합에서 잘못된 문자입니다(코드 페이지 65001).
C:\Users\KGA_002\Winapi2D_DefanceGame\DefanceGame\DefanceGame\CCore.h(1,1): warning C4828: 파일에 0x61 오프셋에서 시작하는 문자가 포함되어 있습니다. 이 문자는 현재 원본 문자 집합에서 잘못된 문자입니다(코드 페이지 65001).
C:\Users\KGA_002\Winapi2D_DefanceGame\DefanceGame\DefanceGame\CCore.h(1,1): warning C4828: 파일에 0x64 오프셋에서 시작하는 문자가 포함되어 있습니다. 이 문자는 현재 원본 문자 집합에서 잘못된 문자입니다(코드 페이지 65001).
C:\Users\KGA_002\Winapi2D_DefanceGame\DefanceGame\DefanceGame\CCore.h(1,1): warning C4828: 파일에 0x80 오프셋에서 시작하는 문자가 포함되어 있습니다. 이 문자는 현재 원본 문자 집합에서 잘못된 문자입니다(코드 페이지 65001).
C:\Users\KGA_002\Winapi2D_DefanceGame\DefanceGame\DefanceGame\CCore.h(1,1): warning C4828: 파일에 0x83 오프셋에서 시작하는 문자가 포함되어 있습니다. 이 문자는 현재 원본 문자 집합에서 잘못된 문자입니다(코드 페이지 65001).
C:\Users\KGA_002\Winapi2D_DefanceGame\DefanceGame\DefanceGame\CCore.h(1,1): warning C4828: 파일에 0x87 오프셋에서 시작하는 문자가 포함되어 있습니다. 이 문자는 현재 원본 문자 집합에서 잘못된 문자입니다(코드 페이지 65001).
C:\Users\KGA_002\Winapi2D_DefanceGame\DefanceGame\DefanceGame\CCore.h(1,1): warning C4828: 파일에 0x88 오프셋에서 시작하는 문자가 포함되어 있습니다. 이 문자는 현재 원본 문자 집합에서 잘못된 문자입니다(코드 페이지 65001).
C:\Users\KGA_002\Winapi2D_DefanceGame\DefanceGame\DefanceGame\CCore.h(1,1): warning C4828: 파일에 0x8c 오프셋에서 시작하는 문자가 포함되어 있습니다. 이 문자는 현재 원본 문자 집합에서 잘못된 문자입니다(코드 페이지 65001).
C:\Users\KGA_002\Winapi2D_DefanceGame\DefanceGame\DefanceGame\CGameObject.h(1,1): warning C4828: 파일에 0xba 오프셋에서 시작하는 문자가 포함되어 있습니다. 이 문자는 현재 원본 문자 집합에서 잘못된 문자입니다(코드 페이지 65001).
C:\Users\KGA_002\Winapi2D_DefanceGame\DefanceGame\DefanceGame\CGameObject.h(1,1): warning C4828: 파일에 0xbb 오프셋에서 시작하는 문자가 포함되어 있습니다. 이 문자는 현재 원본 문자 집합에서 잘못된 문자입니다(코드 페이지 65001).
C:\Users\KGA_002\Winapi2D_DefanceGame\DefanceGame\DefanceGame\CGameObject.h(1,1): warning C4828: 파일에 0xbf 오프셋에서 시작하는 문자가 포함되어 있습니다. 이 문자는 현재 원본 문자 집합에서 잘못된 문자입니다(코드 페이지 65001).
C:\Users\KGA_002\Winapi2D_DefanceGame\DefanceGame\DefanceGame\CGameObject.h(1,1): warning C4828: 파일에 0xc0 오프셋에서 시작하는 문자가 포함되어 있습니다. 이 문자는 현재 원본 문자 집합에서 잘못된 문자입니다(코드 페이지 65001).
C:\Users\KGA_002\Winapi2D_DefanceGame\DefanceGame\DefanceGame\CGameObject.h(1,1): warning C4828: 파일에 0xc1 오프셋에서 시작하는 문자가 포함되어 있습니다. 이 문자는 현재 원본 문자 집합에서 잘못된 문자입니다(코드 페이지 65001).
C:\Users\KGA_002\Winapi2D_DefanceGame\DefanceGame\DefanceGame\CGameObject.h(1,1): warning C4828: 파일에 0xca 오프셋에서 시작하는 문자가 포함되어 있습니다. 이 문자는 현재 원본 문자 집합에서 잘못된 문자입니다(코드 페이지 65001).
C:\Users\KGA_002\Winapi2D_DefanceGame\DefanceGame\DefanceGame\CGameObject.h(1,1): warning C4828: 파일에 0xcb 오프셋에서 시작하는 문자가 포함되어 있습니다. 이 문자는 현재 원본 문자 집합에서 잘못된 문자입니다(코드 페이지 65001).
C:\Users\KGA_002\Winapi2D_DefanceGame\DefanceGame\DefanceGame\CGameObject.h(1,1): warning C4828: 파일에 0xcf 오프셋에서 시작하는 문자가 포함되어 있습니다. 이 문자는 현재 원본 문자 집합에서 잘못된 문자입니다(코드 페이지 65001).
C:\Users\KGA_002\Winapi2D_DefanceGame\DefanceGame\DefanceGame\CGameObject.h(1,1): warning C4828: 파일에 0xd1 오프셋에서 시작하는 문자가 포함되어 있습니다. 이 문자는 현재 원본 문자 집합에서 잘못된 문자입니다(코드 페이지 65001).
C:\Users\KGA_002\Winapi2D_DefanceGame\DefanceGame\DefanceGame\CGameObject.h(1,1): warning C4828: 파일에 0xd2 오프셋에서 시작하는 문자가 포함되어 있습니다. 이 문자는 현재 원본 문자 집합에서 잘못된 문자입니다(코드 페이지 65001).
C:\Users\KGA_002\Winapi2D_DefanceGame\DefanceGame\DefanceGame\CGameObject.h(1,1): warning C4828: 파일에 0xd3 오프셋에서 시작하는 문자가 포함되어 있습니다. 이 문자는 현재 원본 문자 집합에서 잘못된 문자입니다(코드 페이지 65001).
C:\Users\KGA_002\Winapi2D_DefanceGame\DefanceGame\DefanceGame\CGameObject.h(1,1): warning C4828: 파일에 0xd4 오프셋에서 시작하는 문자가 포함되어 있습니다. 이 문자는 현재 원본 문자 집합에서 잘못된 문자입니다(코드 페이지 65001).
C:\Users\KGA_002\Winapi2D_DefanceGame\DefanceGame\DefanceGame\CGameObject.h(1,1): warning C4828: 파일에 0xd5 오프셋에서 시작하는 문자가 포함되어 있습니다. 이 문자는 현재 원본 문자 집합에서 잘못된 문자입니다(코드 페이지 65001).
C:\Users\KGA_002\Winapi2D_DefanceGame\DefanceGame\DefanceGame\CGameObject.h(1,1): warning C4828: 파일에 0xd6 오프셋에서 시작하는 문자가 포함되어 있습니다. 이 문자는 현재 원본 문자 집합에서 잘못된 문자입니다(코드 페이지 65001).
C:\Users\KGA_002\Winapi2D_DefanceGame\DefanceGame\DefanceGame\CGameObject.h(1,1): warning C4828: 파일에 0xda 오프셋에서 시작하는 문자가 포함되어 있습니다. 이 문자는 현재 원본 문자 집합에서 잘못된 문자입니다(코드 페이지 65001).
C:\Users\KGA_002\Winapi2D_DefanceGame\DefanceGame\DefanceGame\CGameObject.h(1,1): warning C4828: 파일에 0xdb 오프셋에서 시작하는 문자가 포함되어 있습니다. 이 문자는 현재 원본 문자 집합에서 잘못된 문자입니다(코드 페이지 65001).
C:\Users\KGA_002\Winapi2D_DefanceGame\DefanceGame\DefanceGame\CGameObject.h(1,1): warning C4828: 파일에 0xdc 오프셋에서 시작하는 문자가 포함되어 있습니다. 이 문자는 현재 원본 문자 집합에서 잘못된 문자입니다(코드 페이지 65001).
C:\Users\KGA_002\Winapi2D_DefanceGame\DefanceGame\DefanceGame\CGameObject.h(1,1): warning C4828: 파일에 0xdd 오프셋에서 시작하는 문자가 포함되어 있습니다. 이 문자는 현재 원본 문자 집합에서 잘못된 문자입니다(코드 페이지 65001).
C:\Users\KGA_002\Winapi2D_DefanceGame\DefanceGame\DefanceGame\CGameObject.h(1,1): warning C4828: 파일에 0xe3 오프셋에서 시작하는 문자가 포함되어 있습니다. 이 문자는 현재 원본 문자 집합에서 잘못된 문자입니다(코드 페이지 65001).
C:\Users\KGA_002\Winapi2D_DefanceGame\DefanceGame\DefanceGame\CGameObject.h(1,1): warning C4828: 파일에 0xe4 오프셋에서 시작하는 문자가 포함되어 있습니다. 이 문자는 현재 원본 문자 집합에서 잘못된 문자입니다(코드 페이지 65001).
C:\Users\KGA_002\Winapi2D_DefanceGame\DefanceGame\DefanceGame\CGameObject.h(1,1): warning C4828: 파일에 0xe5 오프셋에서 시작하는 문자가 포함되어 있습니다. 이 문자는 현재 원본 문자 집합에서 잘못된 문자입니다(코드 페이지 65001).
C:\Users\KGA_002\Winapi2D_DefanceGame\DefanceGame\DefanceGame\CGameObject.h(1,1): warning C4828: 파일에 0xe6 오프셋에서 시작하는 문자가 포함되어 있습니다. 이 문자는 현재 원본 문자 집합에서 잘못된 문자입니다(코드 페이지 65001).
C:\Users\KGA_002\Winapi2D_DefanceGame\DefanceGame\DefanceGame\CGameObject.h(1,1): warning C4828: 파일에 0xea 오프셋에서 시작하는 문자가 포함되어 있습니다. 이 문자는 현재 원본 문자 집합에서 잘못된 문자입니다(코드 페이지 65001).
C:\Users\KGA_002\Winapi2D_DefanceGame\DefanceGame\DefanceGame\CGameObject.h(1,1): warning C4828: 파일에 0xee 오프셋에서 시작하는 문자가 포함되어 있습니다. 이 문자는 현재 원본 문자 집합에서 잘못된 문자입니다(코드 페이지 65001).
C:\Users\KGA_002\Winapi2D_DefanceGame\DefanceGame\DefanceGame\CGameObject.h(1,1): warning C4828: 파일에 0xef 오프셋에서 시작하는 문자가 포함되어 있습니다. 이 문자는 현재 원본 문자 집합에서 잘못된 문자입니다(코드 페이지 65001).
C:\Users\KGA_002\Winapi2D_DefanceGame\DefanceGame\DefanceGame\CGameObject.h(1,1): warning C4828: 파일에 0xf3 오프셋에서 시작하는 문자가 포함되어 있습니다. 이 문자는 현재 원본 문자 집합에서 잘못된 문자입니다(코드 페이지 65001).
C:\Users\KGA_002\Winapi2D_DefanceGame\DefanceGame\DefanceGame\CGameObject.h(1,1): warning C4828: 파일에 0xf4 오프셋에서 시작하는 문자가 포함되어 있습니다. 이 문자는 현재 원본 문자 집합에서 잘못된 문자입니다(코드 페이지 65001).
C:\Users\KGA_002\Winapi2D_DefanceGame\DefanceGame\DefanceGame\CGameObject.h(1,1): warning C4828: 파일에 0xf8 오프셋에서 시작하는 문자가 포함되어 있습니다. 이 문자는 현재 원본 문자 집합에서 잘못된 문자입니다(코드 페이지 65001).
C:\Users\KGA_002\Winapi2D_DefanceGame\DefanceGame\DefanceGame\CGameObject.h(1,1): warning C4828: 파일에 0xfc 오프셋에서 시작하는 문자가 포함되어 있습니다. 이 문자는 현재 원본 문자 집합에서 잘못된 문자입니다(코드 페이지 65001).
C:\Users\KGA_002\Winapi2D_DefanceGame\DefanceGame\DefanceGame\CGameObject.h(1,1): warning C4828: 파일에 0xfd 오프셋에서 시작하는 문자가 포함되어 있습니다. 이 문자는 현재 원본 문자 집합에서 잘못된 문자입니다(코드 페이지 65001).
C:\Users\KGA_002\Winapi2D_DefanceGame\DefanceGame\DefanceGame\CGameObject.h(1,1): warning C4828: 파일에 0xfe 오프셋에서 시작하는 문자가 포함되어 있습니다. 이 문자는 현재 원본 문자 집합에서 잘못된 문자입니다(코드 페이지 65001).
C:\Users\KGA_002\Winapi2D_DefanceGame\DefanceGame\DefanceGame\CGameObject.h(1,1): warning C4828: 파일에 0xff 오프셋에서 시작하는 문자가 포함되어 있습니다. 이 문자는 현재 원본 문자 집합에서 잘못된 문자입니다(코드 페이지 65001).
  CScene.cpp
C:\Users\KGA_002\Winapi2D_DefanceGame\DefanceGame\DefanceGame\CCore.h(1,1): warning C4828: 파일에 0x44 오프셋에서 시작하는 문자가 포함되어 있습니다. 이 문자는 현재 원본 문자 집합에서 잘못된 문자입니다(코드 페이지 65001).
C:\Users\KGA_002\Winapi2D_DefanceGame\DefanceGame\DefanceGame\CCore.h(1,1): warning C4828: 파일에 0x45 오프셋에서 시작하는 문자가 포함되어 있습니다. 이 문자는 현재 원본 문자 집합에서 잘못된 문자입니다(코드 페이지 65001).
C:\Users\KGA_002\Winapi2D_DefanceGame\DefanceGame\DefanceGame\CCore.h(1,1): warning C4828: 파일에 0x46 오프셋에서 시작하는 문자가 포함되어 있습니다. 이 문자는 현재 원본 문자 집합에서 잘못된 문자입니다(코드 페이지 65001).
C:\Users\KGA_002\Winapi2D_DefanceGame\DefanceGame\DefanceGame\CCore.h(1,1): warning C4828: 파일에 0x47 오프셋에서 시작하는 문자가 포함되어 있습니다. 이 문자는 현재 원본 문자 집합에서 잘못된 문자입니다(코드 페이지 65001).
C:\Users\KGA_002\Winapi2D_DefanceGame\DefanceGame\DefanceGame\CCore.h(1,1): warning C4828: 파일에 0x48 오프셋에서 시작하는 문자가 포함되어 있습니다. 이 문자는 현재 원본 문자 집합에서 잘못된 문자입니다(코드 페이지 65001).
C:\Users\KGA_002\Winapi2D_DefanceGame\DefanceGame\DefanceGame\CCore.h(1,1): warning C4828: 파일에 0x49 오프셋에서 시작하는 문자가 포함되어 있습니다. 이 문자는 현재 원본 문자 집합에서 잘못된 문자입니다(코드 페이지 65001).
C:\Users\KGA_002\Winapi2D_DefanceGame\DefanceGame\DefanceGame\CCore.h(1,1): warning C4828: 파일에 0x61 오프셋에서 시작하는 문자가 포함되어 있습니다. 이 문자는 현재 원본 문자 집합에서 잘못된 문자입니다(코드 페이지 65001).
C:\Users\KGA_002\Winapi2D_DefanceGame\DefanceGame\DefanceGame\CCore.h(1,1): warning C4828: 파일에 0x64 오프셋에서 시작하는 문자가 포함되어 있습니다. 이 문자는 현재 원본 문자 집합에서 잘못된 문자입니다(코드 페이지 65001).
C:\Users\KGA_002\Winapi2D_DefanceGame\DefanceGame\DefanceGame\CCore.h(1,1): warning C4828: 파일에 0x80 오프셋에서 시작하는 문자가 포함되어 있습니다. 이 문자는 현재 원본 문자 집합에서 잘못된 문자입니다(코드 페이지 65001).
C:\Users\KGA_002\Winapi2D_DefanceGame\DefanceGame\DefanceGame\CCore.h(1,1): warning C4828: 파일에 0x83 오프셋에서 시작하는 문자가 포함되어 있습니다. 이 문자는 현재 원본 문자 집합에서 잘못된 문자입니다(코드 페이지 65001).
C:\Users\KGA_002\Winapi2D_DefanceGame\DefanceGame\DefanceGame\CCore.h(1,1): warning C4828: 파일에 0x87 오프셋에서 시작하는 문자가 포함되어 있습니다. 이 문자는 현재 원본 문자 집합에서 잘못된 문자입니다(코드 페이지 65001).
C:\Users\KGA_002\Winapi2D_DefanceGame\DefanceGame\DefanceGame\CCore.h(1,1): warning C4828: 파일에 0x88 오프셋에서 시작하는 문자가 포함되어 있습니다. 이 문자는 현재 원본 문자 집합에서 잘못된 문자입니다(코드 페이지 65001).
C:\Users\KGA_002\Winapi2D_DefanceGame\DefanceGame\DefanceGame\CCore.h(1,1): warning C4828: 파일에 0x8c 오프셋에서 시작하는 문자가 포함되어 있습니다. 이 문자는 현재 원본 문자 집합에서 잘못된 문자입니다(코드 페이지 65001).
C:\Users\KGA_002\Winapi2D_DefanceGame\DefanceGame\DefanceGame\CScene.h(1,1): warning C4828: 파일에 0xc8 오프셋에서 시작하는 문자가 포함되어 있습니다. 이 문자는 현재 원본 문자 집합에서 잘못된 문자입니다(코드 페이지 65001).
C:\Users\KGA_002\Winapi2D_DefanceGame\DefanceGame\DefanceGame\CScene.h(1,1): warning C4828: 파일에 0xc9 오프셋에서 시작하는 문자가 포함되어 있습니다. 이 문자는 현재 원본 문자 집합에서 잘못된 문자입니다(코드 페이지 65001).
C:\Users\KGA_002\Winapi2D_DefanceGame\DefanceGame\DefanceGame\CScene.h(1,1): warning C4828: 파일에 0xca 오프셋에서 시작하는 문자가 포함되어 있습니다. 이 문자는 현재 원본 문자 집합에서 잘못된 문자입니다(코드 페이지 65001).
C:\Users\KGA_002\Winapi2D_DefanceGame\DefanceGame\DefanceGame\CScene.h(1,1): warning C4828: 파일에 0xcb 오프셋에서 시작하는 문자가 포함되어 있습니다. 이 문자는 현재 원본 문자 집합에서 잘못된 문자입니다(코드 페이지 65001).
C:\Users\KGA_002\Winapi2D_DefanceGame\DefanceGame\DefanceGame\CScene.h(1,1): warning C4828: 파일에 0xcd 오프셋에서 시작하는 문자가 포함되어 있습니다. 이 문자는 현재 원본 문자 집합에서 잘못된 문자입니다(코드 페이지 65001).
C:\Users\KGA_002\Winapi2D_DefanceGame\DefanceGame\DefanceGame\CScene.h(1,1): warning C4828: 파일에 0xce 오프셋에서 시작하는 문자가 포함되어 있습니다. 이 문자는 현재 원본 문자 집합에서 잘못된 문자입니다(코드 페이지 65001).
C:\Users\KGA_002\Winapi2D_DefanceGame\DefanceGame\DefanceGame\CScene.h(1,1): warning C4828: 파일에 0xd2 오프셋에서 시작하는 문자가 포함되어 있습니다. 이 문자는 현재 원본 문자 집합에서 잘못된 문자입니다(코드 페이지 65001).
C:\Users\KGA_002\Winapi2D_DefanceGame\DefanceGame\DefanceGame\CScene.h(1,1): warning C4828: 파일에 0xd3 오프셋에서 시작하는 문자가 포함되어 있습니다. 이 문자는 현재 원본 문자 집합에서 잘못된 문자입니다(코드 페이지 65001).
C:\Users\KGA_002\Winapi2D_DefanceGame\DefanceGame\DefanceGame\CScene.h(1,1): warning C4828: 파일에 0xd4 오프셋에서 시작하는 문자가 포함되어 있습니다. 이 문자는 현재 원본 문자 집합에서 잘못된 문자입니다(코드 페이지 65001).
C:\Users\KGA_002\Winapi2D_DefanceGame\DefanceGame\DefanceGame\CScene.h(1,1): warning C4828: 파일에 0xd5 오프셋에서 시작하는 문자가 포함되어 있습니다. 이 문자는 현재 원본 문자 집합에서 잘못된 문자입니다(코드 페이지 65001).
C:\Users\KGA_002\Winapi2D_DefanceGame\DefanceGame\DefanceGame\CScene.h(1,1): warning C4828: 파일에 0xda 오프셋에서 시작하는 문자가 포함되어 있습니다. 이 문자는 현재 원본 문자 집합에서 잘못된 문자입니다(코드 페이지 65001).
C:\Users\KGA_002\Winapi2D_DefanceGame\DefanceGame\DefanceGame\CScene.h(1,1): warning C4828: 파일에 0xdb 오프셋에서 시작하는 문자가 포함되어 있습니다. 이 문자는 현재 원본 문자 집합에서 잘못된 문자입니다(코드 페이지 65001).
C:\Users\KGA_002\Winapi2D_DefanceGame\DefanceGame\DefanceGame\CScene.h(1,1): warning C4828: 파일에 0xdd 오프셋에서 시작하는 문자가 포함되어 있습니다. 이 문자는 현재 원본 문자 집합에서 잘못된 문자입니다(코드 페이지 65001).
C:\Users\KGA_002\Winapi2D_DefanceGame\DefanceGame\DefanceGame\CScene.h(1,1): warning C4828: 파일에 0xde 오프셋에서 시작하는 문자가 포함되어 있습니다. 이 문자는 현재 원본 문자 집합에서 잘못된 문자입니다(코드 페이지 65001).
C:\Users\KGA_002\Winapi2D_DefanceGame\DefanceGame\DefanceGame\CScene.h(1,1): warning C4828: 파일에 0xdf 오프셋에서 시작하는 문자가 포함되어 있습니다. 이 문자는 현재 원본 문자 집합에서 잘못된 문자입니다(코드 페이지 65001).
C:\Users\KGA_002\Winapi2D_DefanceGame\DefanceGame\DefanceGame\CScene.h(1,1): warning C4828: 파일에 0xe0 오프셋에서 시작하는 문자가 포함되어 있습니다. 이 문자는 현재 원본 문자 집합에서 잘못된 문자입니다(코드 페이지 65001).
C:\Users\KGA_002\Winapi2D_DefanceGame\DefanceGame\DefanceGame\CScene.h(1,1): warning C4828: 파일에 0xe4 오프셋에서 시작하는 문자가 포함되어 있습니다. 이 문자는 현재 원본 문자 집합에서 잘못된 문자입니다(코드 페이지 65001).
C:\Users\KGA_002\Winapi2D_DefanceGame\DefanceGame\DefanceGame\CScene.h(1,1): warning C4828: 파일에 0xe5 오프셋에서 시작하는 문자가 포함되어 있습니다. 이 문자는 현재 원본 문자 집합에서 잘못된 문자입니다(코드 페이지 65001).
C:\Users\KGA_002\Winapi2D_DefanceGame\DefanceGame\DefanceGame\CScene.h(1,1): warning C4828: 파일에 0xe9 오프셋에서 시작하는 문자가 포함되어 있습니다. 이 문자는 현재 원본 문자 집합에서 잘못된 문자입니다(코드 페이지 65001).
C:\Users\KGA_002\Winapi2D_DefanceGame\DefanceGame\DefanceGame\CScene.h(1,1): warning C4828: 파일에 0xea 오프셋에서 시작하는 문자가 포함되어 있습니다. 이 문자는 현재 원본 문자 집합에서 잘못된 문자입니다(코드 페이지 65001).
C:\Users\KGA_002\Winapi2D_DefanceGame\DefanceGame\DefanceGame\CScene.h(1,1): warning C4828: 파일에 0xeb 오프셋에서 시작하는 문자가 포함되어 있습니다. 이 문자는 현재 원본 문자 집합에서 잘못된 문자입니다(코드 페이지 65001).
C:\Users\KGA_002\Winapi2D_DefanceGame\DefanceGame\DefanceGame\CScene.h(1,1): warning C4828: 파일에 0xec 오프셋에서 시작하는 문자가 포함되어 있습니다. 이 문자는 현재 원본 문자 집합에서 잘못된 문자입니다(코드 페이지 65001).
C:\Users\KGA_002\Winapi2D_DefanceGame\DefanceGame\DefanceGame\CScene.h(1,1): warning C4828: 파일에 0xee 오프셋에서 시작하는 문자가 포함되어 있습니다. 이 문자는 현재 원본 문자 집합에서 잘못된 문자입니다(코드 페이지 65001).
C:\Users\KGA_002\Winapi2D_DefanceGame\DefanceGame\DefanceGame\CScene.h(1,1): warning C4828: 파일에 0xef 오프셋에서 시작하는 문자가 포함되어 있습니다. 이 문자는 현재 원본 문자 집합에서 잘못된 문자입니다(코드 페이지 65001).
C:\Users\KGA_002\Winapi2D_DefanceGame\DefanceGame\DefanceGame\CScene.h(1,1): warning C4828: 파일에 0xf0 오프셋에서 시작하는 문자가 포함되어 있습니다. 이 문자는 현재 원본 문자 집합에서 잘못된 문자입니다(코드 페이지 65001).
C:\Users\KGA_002\Winapi2D_DefanceGame\DefanceGame\DefanceGame\CScene.h(1,1): warning C4828: 파일에 0xf2 오프셋에서 시작하는 문자가 포함되어 있습니다. 이 문자는 현재 원본 문자 집합에서 잘못된 문자입니다(코드 페이지 65001).
C:\Users\KGA_002\Winapi2D_DefanceGame\DefanceGame\DefanceGame\CScene.h(1,1): warning C4828: 파일에 0xf3 오프셋에서 시작하는 문자가 포함되어 있습니다. 이 문자는 현재 원본 문자 집합에서 잘못된 문자입니다(코드 페이지 65001).
C:\Users\KGA_002\Winapi2D_DefanceGame\DefanceGame\DefanceGame\CScene.h(1,1): warning C4828: 파일에 0xf4 오프셋에서 시작하는 문자가 포함되어 있습니다. 이 문자는 현재 원본 문자 집합에서 잘못된 문자입니다(코드 페이지 65001).
C:\Users\KGA_002\Winapi2D_DefanceGame\DefanceGame\DefanceGame\CScene.h(1,1): warning C4828: 파일에 0xf5 오프셋에서 시작하는 문자가 포함되어 있습니다. 이 문자는 현재 원본 문자 집합에서 잘못된 문자입니다(코드 페이지 65001).
C:\Users\KGA_002\Winapi2D_DefanceGame\DefanceGame\DefanceGame\CScene.h(1,1): warning C4828: 파일에 0xf6 오프셋에서 시작하는 문자가 포함되어 있습니다. 이 문자는 현재 원본 문자 집합에서 잘못된 문자입니다(코드 페이지 65001).
C:\Users\KGA_002\Winapi2D_DefanceGame\DefanceGame\DefanceGame\CScene.h(1,1): warning C4828: 파일에 0xf7 오프셋에서 시작하는 문자가 포함되어 있습니다. 이 문자는 현재 원본 문자 집합에서 잘못된 문자입니다(코드 페이지 65001).
C:\Users\KGA_002\Winapi2D_DefanceGame\DefanceGame\DefanceGame\CScene.h(1,1): warning C4828: 파일에 0xf9 오프셋에서 시작하는 문자가 포함되어 있습니다. 이 문자는 현재 원본 문자 집합에서 잘못된 문자입니다(코드 페이지 65001).
C:\Users\KGA_002\Winapi2D_DefanceGame\DefanceGame\DefanceGame\CScene.h(1,1): warning C4828: 파일에 0xfa 오프셋에서 시작하는 문자가 포함되어 있습니다. 이 문자는 현재 원본 문자 집합에서 잘못된 문자입니다(코드 페이지 65001).
C:\Users\KGA_002\Winapi2D_DefanceGame\DefanceGame\DefanceGame\CScene.h(1,1): warning C4828: 파일에 0xfb 오프셋에서 시작하는 문자가 포함되어 있습니다. 이 문자는 현재 원본 문자 집합에서 잘못된 문자입니다(코드 페이지 65001).
C:\Users\KGA_002\Winapi2D_DefanceGame\DefanceGame\DefanceGame\CGameObject.h(1,1): warning C4828: 파일에 0xba 오프셋에서 시작하는 문자가 포함되어 있습니다. 이 문자는 현재 원본 문자 집합에서 잘못된 문자입니다(코드 페이지 65001).
C:\Users\KGA_002\Winapi2D_DefanceGame\DefanceGame\DefanceGame\CGameObject.h(1,1): warning C4828: 파일에 0xbb 오프셋에서 시작하는 문자가 포함되어 있습니다. 이 문자는 현재 원본 문자 집합에서 잘못된 문자입니다(코드 페이지 65001).
C:\Users\KGA_002\Winapi2D_DefanceGame\DefanceGame\DefanceGame\CGameObject.h(1,1): warning C4828: 파일에 0xbf 오프셋에서 시작하는 문자가 포함되어 있습니다. 이 문자는 현재 원본 문자 집합에서 잘못된 문자입니다(코드 페이지 65001).
C:\Users\KGA_002\Winapi2D_DefanceGame\DefanceGame\DefanceGame\CGameObject.h(1,1): warning C4828: 파일에 0xc0 오프셋에서 시작하는 문자가 포함되어 있습니다. 이 문자는 현재 원본 문자 집합에서 잘못된 문자입니다(코드 페이지 65001).
C:\Users\KGA_002\Winapi2D_DefanceGame\DefanceGame\DefanceGame\CGameObject.h(1,1): warning C4828: 파일에 0xc1 오프셋에서 시작하는 문자가 포함되어 있습니다. 이 문자는 현재 원본 문자 집합에서 잘못된 문자입니다(코드 페이지 65001).
C:\Users\KGA_002\Winapi2D_DefanceGame\DefanceGame\DefanceGame\CGameObject.h(1,1): warning C4828: 파일에 0xca 오프셋에서 시작하는 문자가 포함되어 있습니다. 이 문자는 현재 원본 문자 집합에서 잘못된 문자입니다(코드 페이지 65001).
C:\Users\KGA_002\Winapi2D_DefanceGame\DefanceGame\DefanceGame\CGameObject.h(1,1): warning C4828: 파일에 0xcb 오프셋에서 시작하는 문자가 포함되어 있습니다. 이 문자는 현재 원본 문자 집합에서 잘못된 문자입니다(코드 페이지 65001).
C:\Users\KGA_002\Winapi2D_DefanceGame\DefanceGame\DefanceGame\CGameObject.h(1,1): warning C4828: 파일에 0xcf 오프셋에서 시작하는 문자가 포함되어 있습니다. 이 문자는 현재 원본 문자 집합에서 잘못된 문자입니다(코드 페이지 65001).
C:\Users\KGA_002\Winapi2D_DefanceGame\DefanceGame\DefanceGame\CGameObject.h(1,1): warning C4828: 파일에 0xd1 오프셋에서 시작하는 문자가 포함되어 있습니다. 이 문자는 현재 원본 문자 집합에서 잘못된 문자입니다(코드 페이지 65001).
C:\Users\KGA_002\Winapi2D_DefanceGame\DefanceGame\DefanceGame\CGameObject.h(1,1): warning C4828: 파일에 0xd2 오프셋에서 시작하는 문자가 포함되어 있습니다. 이 문자는 현재 원본 문자 집합에서 잘못된 문자입니다(코드 페이지 65001).
C:\Users\KGA_002\Winapi2D_DefanceGame\DefanceGame\DefanceGame\CGameObject.h(1,1): warning C4828: 파일에 0xd3 오프셋에서 시작하는 문자가 포함되어 있습니다. 이 문자는 현재 원본 문자 집합에서 잘못된 문자입니다(코드 페이지 65001).
C:\Users\KGA_002\Winapi2D_DefanceGame\DefanceGame\DefanceGame\CGameObject.h(1,1): warning C4828: 파일에 0xd4 오프셋에서 시작하는 문자가 포함되어 있습니다. 이 문자는 현재 원본 문자 집합에서 잘못된 문자입니다(코드 페이지 65001).
C:\Users\KGA_002\Winapi2D_DefanceGame\DefanceGame\DefanceGame\CGameObject.h(1,1): warning C4828: 파일에 0xd5 오프셋에서 시작하는 문자가 포함되어 있습니다. 이 문자는 현재 원본 문자 집합에서 잘못된 문자입니다(코드 페이지 65001).
C:\Users\KGA_002\Winapi2D_DefanceGame\DefanceGame\DefanceGame\CGameObject.h(1,1): warning C4828: 파일에 0xd6 오프셋에서 시작하는 문자가 포함되어 있습니다. 이 문자는 현재 원본 문자 집합에서 잘못된 문자입니다(코드 페이지 65001).
C:\Users\KGA_002\Winapi2D_DefanceGame\DefanceGame\DefanceGame\CGameObject.h(1,1): warning C4828: 파일에 0xda 오프셋에서 시작하는 문자가 포함되어 있습니다. 이 문자는 현재 원본 문자 집합에서 잘못된 문자입니다(코드 페이지 65001).
C:\Users\KGA_002\Winapi2D_DefanceGame\DefanceGame\DefanceGame\CGameObject.h(1,1): warning C4828: 파일에 0xdb 오프셋에서 시작하는 문자가 포함되어 있습니다. 이 문자는 현재 원본 문자 집합에서 잘못된 문자입니다(코드 페이지 65001).
C:\Users\KGA_002\Winapi2D_DefanceGame\DefanceGame\DefanceGame\CGameObject.h(1,1): warning C4828: 파일에 0xdc 오프셋에서 시작하는 문자가 포함되어 있습니다. 이 문자는 현재 원본 문자 집합에서 잘못된 문자입니다(코드 페이지 65001).
C:\Users\KGA_002\Winapi2D_DefanceGame\DefanceGame\DefanceGame\CGameObject.h(1,1): warning C4828: 파일에 0xdd 오프셋에서 시작하는 문자가 포함되어 있습니다. 이 문자는 현재 원본 문자 집합에서 잘못된 문자입니다(코드 페이지 65001).
C:\Users\KGA_002\Winapi2D_DefanceGame\DefanceGame\DefanceGame\CGameObject.h(1,1): warning C4828: 파일에 0xe3 오프셋에서 시작하는 문자가 포함되어 있습니다. 이 문자는 현재 원본 문자 집합에서 잘못된 문자입니다(코드 페이지 65001).
C:\Users\KGA_002\Winapi2D_DefanceGame\DefanceGame\DefanceGame\CGameObject.h(1,1): warning C4828: 파일에 0xe4 오프셋에서 시작하는 문자가 포함되어 있습니다. 이 문자는 현재 원본 문자 집합에서 잘못된 문자입니다(코드 페이지 65001).
C:\Users\KGA_002\Winapi2D_DefanceGame\DefanceGame\DefanceGame\CGameObject.h(1,1): warning C4828: 파일에 0xe5 오프셋에서 시작하는 문자가 포함되어 있습니다. 이 문자는 현재 원본 문자 집합에서 잘못된 문자입니다(코드 페이지 65001).
C:\Users\KGA_002\Winapi2D_DefanceGame\DefanceGame\DefanceGame\CGameObject.h(1,1): warning C4828: 파일에 0xe6 오프셋에서 시작하는 문자가 포함되어 있습니다. 이 문자는 현재 원본 문자 집합에서 잘못된 문자입니다(코드 페이지 65001).
C:\Users\KGA_002\Winapi2D_DefanceGame\DefanceGame\DefanceGame\CGameObject.h(1,1): warning C4828: 파일에 0xea 오프셋에서 시작하는 문자가 포함되어 있습니다. 이 문자는 현재 원본 문자 집합에서 잘못된 문자입니다(코드 페이지 65001).
C:\Users\KGA_002\Winapi2D_DefanceGame\DefanceGame\DefanceGame\CGameObject.h(1,1): warning C4828: 파일에 0xee 오프셋에서 시작하는 문자가 포함되어 있습니다. 이 문자는 현재 원본 문자 집합에서 잘못된 문자입니다(코드 페이지 65001).
C:\Users\KGA_002\Winapi2D_DefanceGame\DefanceGame\DefanceGame\CGameObject.h(1,1): warning C4828: 파일에 0xef 오프셋에서 시작하는 문자가 포함되어 있습니다. 이 문자는 현재 원본 문자 집합에서 잘못된 문자입니다(코드 페이지 65001).
C:\Users\KGA_002\Winapi2D_DefanceGame\DefanceGame\DefanceGame\CGameObject.h(1,1): warning C4828: 파일에 0xf3 오프셋에서 시작하는 문자가 포함되어 있습니다. 이 문자는 현재 원본 문자 집합에서 잘못된 문자입니다(코드 페이지 65001).
C:\Users\KGA_002\Winapi2D_DefanceGame\DefanceGame\DefanceGame\CGameObject.h(1,1): warning C4828: 파일에 0xf4 오프셋에서 시작하는 문자가 포함되어 있습니다. 이 문자는 현재 원본 문자 집합에서 잘못된 문자입니다(코드 페이지 65001).
C:\Users\KGA_002\Winapi2D_DefanceGame\DefanceGame\DefanceGame\CGameObject.h(1,1): warning C4828: 파일에 0xf8 오프셋에서 시작하는 문자가 포함되어 있습니다. 이 문자는 현재 원본 문자 집합에서 잘못된 문자입니다(코드 페이지 65001).
C:\Users\KGA_002\Winapi2D_DefanceGame\DefanceGame\DefanceGame\CGameObject.h(1,1): warning C4828: 파일에 0xfc 오프셋에서 시작하는 문자가 포함되어 있습니다. 이 문자는 현재 원본 문자 집합에서 잘못된 문자입니다(코드 페이지 65001).
C:\Users\KGA_002\Winapi2D_DefanceGame\DefanceGame\DefanceGame\CGameObject.h(1,1): warning C4828: 파일에 0xfd 오프셋에서 시작하는 문자가 포함되어 있습니다. 이 문자는 현재 원본 문자 집합에서 잘못된 문자입니다(코드 페이지 65001).
C:\Users\KGA_002\Winapi2D_DefanceGame\DefanceGame\DefanceGame\CGameObject.h(1,1): warning C4828: 파일에 0xfe 오프셋에서 시작하는 문자가 포함되어 있습니다. 이 문자는 현재 원본 문자 집합에서 잘못된 문자입니다(코드 페이지 65001).
C:\Users\KGA_002\Winapi2D_DefanceGame\DefanceGame\DefanceGame\CGameObject.h(1,1): warning C4828: 파일에 0xff 오프셋에서 시작하는 문자가 포함되어 있습니다. 이 문자는 현재 원본 문자 집합에서 잘못된 문자입니다(코드 페이지 65001).
C:\Users\KGA_002\Winapi2D_DefanceGame\DefanceGame\DefanceGame\CScene.cpp(15,21): warning C4018: '<': signed 또는 unsigned가 일치하지 않습니다.
C:\Users\KGA_002\Winapi2D_DefanceGame\DefanceGame\DefanceGame\CScene.cpp(38,21): warning C4018: '<': signed 또는 unsigned가 일치하지 않습니다.
  DefanceGame.vcxproj -> C:\Users\KGA_002\Winapi2D_DefanceGame\DefanceGame\Debug\DefanceGame.exe
